2024/07/29 12:36:44 - mmengine - INFO - 
------------------------------------------------------------
System environment:
    sys.platform: linux
    Python: 3.8.10 (default, Jun 22 2022, 20:18:18) [GCC 9.4.0]
    CUDA available: True
    MUSA available: False
    numpy_random_seed: 1768919076
    GPU 0: NVIDIA GeForce RTX 3090
    CUDA_HOME: /usr/local/cuda
    NVCC: Cuda compilation tools, release 11.1, V11.1.105
    GCC: x86_64-linux-gnu-gcc (Ubuntu 9.4.0-1ubuntu1~20.04.1) 9.4.0
    PyTorch: 2.0.0+cu117
    PyTorch compiling details: PyTorch built with:
  - GCC 9.3
  - C++ Version: 201703
  - Intel(R) oneAPI Math Kernel Library Version 2022.2-Product Build 20220804 for Intel(R) 64 architecture applications
  - Intel(R) MKL-DNN v2.7.3 (Git Hash 6dbeffbae1f23cbbeae17adb7b5b13f1f37c080e)
  - OpenMP 201511 (a.k.a. OpenMP 4.5)
  - LAPACK is enabled (usually provided by MKL)
  - NNPACK is enabled
  - CPU capability usage: AVX2
  - CUDA Runtime 11.7
  - NVCC architecture flags: -gencode;arch=compute_37,code=sm_37;-gencode;arch=compute_50,code=sm_50;-gencode;arch=compute_60,code=sm_60;-gencode;arch=compute_70,code=sm_70;-gencode;arch=compute_75,code=sm_75;-gencode;arch=compute_80,code=sm_80;-gencode;arch=compute_86,code=sm_86
  - CuDNN 8.5
  - Magma 2.6.1
  - Build settings: BLAS_INFO=mkl, BUILD_TYPE=Release, CUDA_VERSION=11.7, CUDNN_VERSION=8.5.0, CXX_COMPILER=/opt/rh/devtoolset-9/root/usr/bin/c++, CXX_FLAGS= -D_GLIBCXX_USE_CXX11_ABI=0 -fabi-version=11 -Wno-deprecated -fvisibility-inlines-hidden -DUSE_PTHREADPOOL -DNDEBUG -DUSE_KINETO -DLIBKINETO_NOROCTRACER -DUSE_FBGEMM -DUSE_QNNPACK -DUSE_PYTORCH_QNNPACK -DUSE_XNNPACK -DSYMBOLICATE_MOBILE_DEBUG_HANDLE -O2 -fPIC -Wall -Wextra -Werror=return-type -Werror=non-virtual-dtor -Werror=bool-operation -Wnarrowing -Wno-missing-field-initializers -Wno-type-limits -Wno-array-bounds -Wno-unknown-pragmas -Wunused-local-typedefs -Wno-unused-parameter -Wno-unused-function -Wno-unused-result -Wno-strict-overflow -Wno-strict-aliasing -Wno-error=deprecated-declarations -Wno-stringop-overflow -Wno-psabi -Wno-error=pedantic -Wno-error=redundant-decls -Wno-error=old-style-cast -fdiagnostics-color=always -faligned-new -Wno-unused-but-set-variable -Wno-maybe-uninitialized -fno-math-errno -fno-trapping-math -Werror=format -Werror=cast-function-type -Wno-stringop-overflow, LAPACK_INFO=mkl, PERF_WITH_AVX=1, PERF_WITH_AVX2=1, PERF_WITH_AVX512=1, TORCH_DISABLE_GPU_ASSERTS=ON, TORCH_VERSION=2.0.0, USE_CUDA=ON, USE_CUDNN=ON, USE_EXCEPTION_PTR=1, USE_GFLAGS=OFF, USE_GLOG=OFF, USE_MKL=ON, USE_MKLDNN=ON, USE_MPI=OFF, USE_NCCL=1, USE_NNPACK=ON, USE_OPENMP=ON, USE_ROCM=OFF, 

    TorchVision: 0.15.1+cu117
    OpenCV: 4.9.0
    MMEngine: 0.10.4

Runtime environment:
    cudnn_benchmark: True
    mp_cfg: {'mp_start_method': 'fork', 'opencv_num_threads': 0}
    dist_cfg: {'backend': 'nccl'}
    seed: 1768919076
    Distributed launcher: none
    Distributed training: False
    GPU number: 1
------------------------------------------------------------

2024/07/29 12:36:44 - mmengine - INFO - Config:
base_channels = 16
crop_size = (
    512,
    512,
)
data_preprocessor = dict(
    bgr_to_rgb=True,
    mean=[
        123.675,
        116.28,
        103.53,
        123.675,
        116.28,
        103.53,
    ],
    pad_val=0,
    seg_pad_val=255,
    size_divisor=32,
    std=[
        58.395,
        57.12,
        57.375,
        58.395,
        57.12,
        57.375,
    ],
    test_cfg=dict(size_divisor=32),
    type='DualInputSegDataPreProcessor')
data_root = 'data/LEVIR-CD'
dataset_type = 'LEVIR_CD_Dataset'
default_hooks = dict(
    logger=dict(interval=50, log_metric_by_epoch=True, type='LoggerHook'),
    sampler_seed=dict(type='DistSamplerSeedHook'),
    timer=dict(type='IterTimerHook'),
    visualization=dict(
        draw=True,
        img_shape=(
            1024,
            1024,
            3,
        ),
        interval=1,
        type='CDVisualizationHook'))
default_scope = 'opencd'
env_cfg = dict(
    cudnn_benchmark=True,
    dist_cfg=dict(backend='nccl'),
    mp_cfg=dict(mp_start_method='fork', opencv_num_threads=0))
launcher = 'none'
load_from = 'fc_ef/iter_3125.pth'
log_level = 'INFO'
log_processor = dict(by_epoch=True, type='LogProcessor', window_size=50)
model = dict(
    backbone=dict(base_channel=16, in_channels=6, type='FC_EF'),
    data_preprocessor=dict(
        bgr_to_rgb=True,
        mean=[
            123.675,
            116.28,
            103.53,
            123.675,
            116.28,
            103.53,
        ],
        pad_val=0,
        seg_pad_val=255,
        size_divisor=32,
        std=[
            58.395,
            57.12,
            57.375,
            58.395,
            57.12,
            57.375,
        ],
        test_cfg=dict(size_divisor=32),
        type='DualInputSegDataPreProcessor'),
    decode_head=dict(
        channels=16,
        concat_input=False,
        in_channels=16,
        in_index=-1,
        loss_decode=dict(
            loss_weight=1.0, type='mmseg.CrossEntropyLoss', use_sigmoid=False),
        num_classes=2,
        num_convs=0,
        type='mmseg.FCNHead'),
    pretrained=None,
    test_cfg=dict(mode='whole'),
    train_cfg=dict(),
    type='DIEncoderDecoder')
norm_cfg = dict(requires_grad=True, type='SyncBN')
resume = False
test_cfg = dict(type='TestLoop')
test_dataloader = dict(
    batch_size=1,
    dataset=dict(
        data_prefix=dict(
            img_path_from='all/A',
            img_path_to='all/B',
            seg_map_path='all/label'),
        data_root='data/LEVIR-CD',
        pipeline=[
            dict(type='MultiImgLoadImageFromFile'),
            dict(keep_ratio=True, scale=(
                1024,
                1024,
            ), type='MultiImgResize'),
            dict(type='MultiImgLoadAnnotations'),
            dict(type='MultiImgPackSegInputs'),
        ],
        type='LEVIR_CD_Dataset'),
    num_workers=4,
    persistent_workers=True,
    sampler=dict(shuffle=False, type='DefaultSampler'))
test_evaluator = dict(
    iou_metrics=[
        'mFscore',
        'mIoU',
    ], type='mmseg.IoUMetric')
test_pipeline = [
    dict(type='MultiImgLoadImageFromFile'),
    dict(keep_ratio=True, scale=(
        1024,
        1024,
    ), type='MultiImgResize'),
    dict(type='MultiImgLoadAnnotations'),
    dict(type='MultiImgPackSegInputs'),
]
tta_model = dict(type='mmseg.SegTTAModel')
vis_backends = [
    dict(type='CDLocalVisBackend'),
]
visualizer = dict(
    alpha=1.0,
    name='visualizer',
    save_dir='./fc_ef/levircd',
    type='CDLocalVisualizer',
    vis_backends=[
        dict(type='CDLocalVisBackend'),
    ])
work_dir = './fc_ef'

2024/07/29 12:36:46 - mmengine - INFO - Distributed training is not used, all SyncBatchNorm (SyncBN) layers in the model will be automatically reverted to BatchNormXd layers if they are used.
2024/07/29 12:36:46 - mmengine - INFO - Hooks will be executed in the following order:
before_run:
(VERY_HIGH   ) RuntimeInfoHook                    
(BELOW_NORMAL) LoggerHook                         
 -------------------- 
before_train:
(VERY_HIGH   ) RuntimeInfoHook                    
(NORMAL      ) IterTimerHook                      
(VERY_LOW    ) CheckpointHook                     
 -------------------- 
before_train_epoch:
(VERY_HIGH   ) RuntimeInfoHook                    
(NORMAL      ) IterTimerHook                      
(NORMAL      ) DistSamplerSeedHook                
 -------------------- 
before_train_iter:
(VERY_HIGH   ) RuntimeInfoHook                    
(NORMAL      ) IterTimerHook                      
 -------------------- 
after_train_iter:
(VERY_HIGH   ) RuntimeInfoHook                    
(NORMAL      ) IterTimerHook                      
(NORMAL      ) CDVisualizationHook                
(BELOW_NORMAL) LoggerHook                         
(LOW         ) ParamSchedulerHook                 
(VERY_LOW    ) CheckpointHook                     
 -------------------- 
after_train_epoch:
(NORMAL      ) IterTimerHook                      
(LOW         ) ParamSchedulerHook                 
(VERY_LOW    ) CheckpointHook                     
 -------------------- 
before_val:
(VERY_HIGH   ) RuntimeInfoHook                    
 -------------------- 
before_val_epoch:
(NORMAL      ) IterTimerHook                      
 -------------------- 
before_val_iter:
(NORMAL      ) IterTimerHook                      
 -------------------- 
after_val_iter:
(NORMAL      ) IterTimerHook                      
(NORMAL      ) CDVisualizationHook                
(BELOW_NORMAL) LoggerHook                         
 -------------------- 
after_val_epoch:
(VERY_HIGH   ) RuntimeInfoHook                    
(NORMAL      ) IterTimerHook                      
(BELOW_NORMAL) LoggerHook                         
(LOW         ) ParamSchedulerHook                 
(VERY_LOW    ) CheckpointHook                     
 -------------------- 
after_val:
(VERY_HIGH   ) RuntimeInfoHook                    
 -------------------- 
after_train:
(VERY_HIGH   ) RuntimeInfoHook                    
(VERY_LOW    ) CheckpointHook                     
 -------------------- 
before_test:
(VERY_HIGH   ) RuntimeInfoHook                    
 -------------------- 
before_test_epoch:
(NORMAL      ) IterTimerHook                      
 -------------------- 
before_test_iter:
(NORMAL      ) IterTimerHook                      
 -------------------- 
after_test_iter:
(NORMAL      ) IterTimerHook                      
(NORMAL      ) CDVisualizationHook                
(BELOW_NORMAL) LoggerHook                         
 -------------------- 
after_test_epoch:
(VERY_HIGH   ) RuntimeInfoHook                    
(NORMAL      ) IterTimerHook                      
(BELOW_NORMAL) LoggerHook                         
 -------------------- 
after_test:
(VERY_HIGH   ) RuntimeInfoHook                    
 -------------------- 
after_run:
(BELOW_NORMAL) LoggerHook                         
 -------------------- 
2024/07/29 12:36:46 - mmengine - WARNING - The prefix is not set in metric class IoUMetric.
2024/07/29 12:36:46 - mmengine - INFO - Load checkpoint from fc_ef/iter_3125.pth
2024/07/29 12:36:54 - mmengine - INFO - Epoch(test) [ 50/637]    eta: 0:01:35  time: 0.1633  data_time: 0.0879  memory: 17022  
2024/07/29 12:37:01 - mmengine - INFO - Epoch(test) [100/637]    eta: 0:01:19  time: 0.1341  data_time: 0.1161  memory: 831  
2024/07/29 12:37:06 - mmengine - INFO - Epoch(test) [150/637]    eta: 0:01:05  time: 0.1083  data_time: 0.0903  memory: 831  
2024/07/29 12:37:11 - mmengine - INFO - Epoch(test) [200/637]    eta: 0:00:55  time: 0.1002  data_time: 0.0822  memory: 831  
2024/07/29 12:37:16 - mmengine - INFO - Epoch(test) [250/637]    eta: 0:00:46  time: 0.0997  data_time: 0.0818  memory: 831  
2024/07/29 12:37:21 - mmengine - INFO - Epoch(test) [300/637]    eta: 0:00:39  time: 0.1000  data_time: 0.0820  memory: 831  
2024/07/29 12:37:26 - mmengine - INFO - Epoch(test) [350/637]    eta: 0:00:32  time: 0.0950  data_time: 0.0770  memory: 831  
2024/07/29 12:37:31 - mmengine - INFO - Epoch(test) [400/637]    eta: 0:00:26  time: 0.1052  data_time: 0.0871  memory: 831  
2024/07/29 12:37:36 - mmengine - INFO - Epoch(test) [450/637]    eta: 0:00:20  time: 0.0943  data_time: 0.0763  memory: 831  
2024/07/29 12:37:41 - mmengine - INFO - Epoch(test) [500/637]    eta: 0:00:15  time: 0.0949  data_time: 0.0769  memory: 831  
2024/07/29 12:37:46 - mmengine - INFO - Epoch(test) [550/637]    eta: 0:00:09  time: 0.0976  data_time: 0.0795  memory: 831  
2024/07/29 12:37:51 - mmengine - INFO - Epoch(test) [600/637]    eta: 0:00:03  time: 0.1017  data_time: 0.0837  memory: 831  
2024/07/29 12:37:55 - mmengine - INFO - per class results:
2024/07/29 12:37:55 - mmengine - INFO - 
+-----------+--------+-----------+--------+-------+-------+
|   Class   | Fscore | Precision | Recall |  IoU  |  Acc  |
+-----------+--------+-----------+--------+-------+-------+
| unchanged | 97.62  |   95.35   | 100.0  | 95.35 | 100.0 |
|  changed  |  nan   |    nan    |  0.0   |  0.0  |  0.0  |
+-----------+--------+-----------+--------+-------+-------+
2024/07/29 12:37:55 - mmengine - INFO - Epoch(test) [637/637]    aAcc: 95.3500  mFscore: 97.6200  mPrecision: 95.3500  mRecall: 50.0000  mIoU: 47.6700  mAcc: 50.0000  data_time: 0.0848  time: 0.1073
