2024/07/29 12:34:31 - mmengine - INFO - 
------------------------------------------------------------
System environment:
    sys.platform: linux
    Python: 3.8.10 (default, Jun 22 2022, 20:18:18) [GCC 9.4.0]
    CUDA available: True
    MUSA available: False
    numpy_random_seed: 1941773481
    GPU 0: NVIDIA GeForce RTX 3090
    CUDA_HOME: /usr/local/cuda
    NVCC: Cuda compilation tools, release 11.1, V11.1.105
    GCC: x86_64-linux-gnu-gcc (Ubuntu 9.4.0-1ubuntu1~20.04.1) 9.4.0
    PyTorch: 2.0.0+cu117
    PyTorch compiling details: PyTorch built with:
  - GCC 9.3
  - C++ Version: 201703
  - Intel(R) oneAPI Math Kernel Library Version 2022.2-Product Build 20220804 for Intel(R) 64 architecture applications
  - Intel(R) MKL-DNN v2.7.3 (Git Hash 6dbeffbae1f23cbbeae17adb7b5b13f1f37c080e)
  - OpenMP 201511 (a.k.a. OpenMP 4.5)
  - LAPACK is enabled (usually provided by MKL)
  - NNPACK is enabled
  - CPU capability usage: AVX2
  - CUDA Runtime 11.7
  - NVCC architecture flags: -gencode;arch=compute_37,code=sm_37;-gencode;arch=compute_50,code=sm_50;-gencode;arch=compute_60,code=sm_60;-gencode;arch=compute_70,code=sm_70;-gencode;arch=compute_75,code=sm_75;-gencode;arch=compute_80,code=sm_80;-gencode;arch=compute_86,code=sm_86
  - CuDNN 8.5
  - Magma 2.6.1
  - Build settings: BLAS_INFO=mkl, BUILD_TYPE=Release, CUDA_VERSION=11.7, CUDNN_VERSION=8.5.0, CXX_COMPILER=/opt/rh/devtoolset-9/root/usr/bin/c++, CXX_FLAGS= -D_GLIBCXX_USE_CXX11_ABI=0 -fabi-version=11 -Wno-deprecated -fvisibility-inlines-hidden -DUSE_PTHREADPOOL -DNDEBUG -DUSE_KINETO -DLIBKINETO_NOROCTRACER -DUSE_FBGEMM -DUSE_QNNPACK -DUSE_PYTORCH_QNNPACK -DUSE_XNNPACK -DSYMBOLICATE_MOBILE_DEBUG_HANDLE -O2 -fPIC -Wall -Wextra -Werror=return-type -Werror=non-virtual-dtor -Werror=bool-operation -Wnarrowing -Wno-missing-field-initializers -Wno-type-limits -Wno-array-bounds -Wno-unknown-pragmas -Wunused-local-typedefs -Wno-unused-parameter -Wno-unused-function -Wno-unused-result -Wno-strict-overflow -Wno-strict-aliasing -Wno-error=deprecated-declarations -Wno-stringop-overflow -Wno-psabi -Wno-error=pedantic -Wno-error=redundant-decls -Wno-error=old-style-cast -fdiagnostics-color=always -faligned-new -Wno-unused-but-set-variable -Wno-maybe-uninitialized -fno-math-errno -fno-trapping-math -Werror=format -Werror=cast-function-type -Wno-stringop-overflow, LAPACK_INFO=mkl, PERF_WITH_AVX=1, PERF_WITH_AVX2=1, PERF_WITH_AVX512=1, TORCH_DISABLE_GPU_ASSERTS=ON, TORCH_VERSION=2.0.0, USE_CUDA=ON, USE_CUDNN=ON, USE_EXCEPTION_PTR=1, USE_GFLAGS=OFF, USE_GLOG=OFF, USE_MKL=ON, USE_MKLDNN=ON, USE_MPI=OFF, USE_NCCL=1, USE_NNPACK=ON, USE_OPENMP=ON, USE_ROCM=OFF, 

    TorchVision: 0.15.1+cu117
    OpenCV: 4.9.0
    MMEngine: 0.10.4

Runtime environment:
    cudnn_benchmark: True
    mp_cfg: {'mp_start_method': 'fork', 'opencv_num_threads': 0}
    dist_cfg: {'backend': 'nccl'}
    seed: 1941773481
    Distributed launcher: none
    Distributed training: False
    GPU number: 1
------------------------------------------------------------

2024/07/29 12:34:31 - mmengine - INFO - Config:
base_channels = 16
crop_size = (
    512,
    512,
)
data_preprocessor = dict(
    bgr_to_rgb=True,
    mean=[
        123.675,
        116.28,
        103.53,
        123.675,
        116.28,
        103.53,
    ],
    pad_val=0,
    seg_pad_val=255,
    size_divisor=32,
    std=[
        58.395,
        57.12,
        57.375,
        58.395,
        57.12,
        57.375,
    ],
    test_cfg=dict(size_divisor=32),
    type='DualInputSegDataPreProcessor')
data_root = 'data/S2Looking'
dataset_type = 'S2Looking_Dataset'
default_hooks = dict(
    checkpoint=dict(
        by_epoch=False, interval=3125, save_best='mIoU',
        type='CheckpointHook'),
    logger=dict(interval=50, log_metric_by_epoch=False, type='LoggerHook'),
    param_scheduler=dict(type='ParamSchedulerHook'),
    sampler_seed=dict(type='DistSamplerSeedHook'),
    timer=dict(type='IterTimerHook'),
    visualization=dict(
        draw=True,
        img_shape=(
            1024,
            1024,
            3,
        ),
        interval=1,
        type='CDVisualizationHook'))
default_scope = 'opencd'
env_cfg = dict(
    cudnn_benchmark=True,
    dist_cfg=dict(backend='nccl'),
    mp_cfg=dict(mp_start_method='fork', opencv_num_threads=0))
img_ratios = [
    0.75,
    1.0,
    1.25,
]
launcher = 'none'
load_from = 'fc_ef/iter_3125.pth'
log_level = 'INFO'
log_processor = dict(by_epoch=False)
model = dict(
    backbone=dict(base_channel=16, in_channels=6, type='FC_EF'),
    data_preprocessor=dict(
        bgr_to_rgb=True,
        mean=[
            123.675,
            116.28,
            103.53,
            123.675,
            116.28,
            103.53,
        ],
        pad_val=0,
        seg_pad_val=255,
        size_divisor=32,
        std=[
            58.395,
            57.12,
            57.375,
            58.395,
            57.12,
            57.375,
        ],
        test_cfg=dict(size_divisor=32),
        type='DualInputSegDataPreProcessor'),
    decode_head=dict(
        channels=16,
        concat_input=False,
        in_channels=16,
        in_index=-1,
        loss_decode=dict(
            loss_weight=1.0, type='mmseg.CrossEntropyLoss', use_sigmoid=False),
        num_classes=2,
        num_convs=0,
        type='mmseg.FCNHead'),
    pretrained=None,
    test_cfg=dict(mode='whole'),
    train_cfg=dict(),
    type='DIEncoderDecoder')
norm_cfg = dict(requires_grad=True, type='SyncBN')
optim_wrapper = dict(
    optimizer=dict(
        betas=(
            0.9,
            0.999,
        ), lr=0.001, type='AdamW', weight_decay=0.05),
    type='OptimWrapper')
optimizer = dict(
    betas=(
        0.9,
        0.999,
    ), lr=0.001, type='AdamW', weight_decay=0.05)
param_scheduler = [
    dict(
        begin=0, by_epoch=False, end=1000, start_factor=1e-06,
        type='LinearLR'),
    dict(
        begin=1000,
        by_epoch=False,
        end=31250,
        eta_min=0.0,
        power=1.0,
        type='PolyLR'),
]
resume = False
test_cfg = dict(type='TestLoop')
test_dataloader = dict(
    batch_size=1,
    dataset=dict(
        data_prefix=dict(
            img_path_from='test/Image1',
            img_path_to='test/Image2',
            seg_map_path='test/label'),
        data_root='data/S2Looking',
        pipeline=[
            dict(type='MultiImgLoadImageFromFile'),
            dict(keep_ratio=True, scale=(
                1024,
                1024,
            ), type='MultiImgResize'),
            dict(type='MultiImgLoadAnnotations'),
            dict(type='MultiImgPackSegInputs'),
        ],
        type='S2Looking_Dataset'),
    num_workers=4,
    persistent_workers=True,
    sampler=dict(shuffle=False, type='DefaultSampler'))
test_evaluator = dict(
    iou_metrics=[
        'mFscore',
        'mIoU',
    ], type='mmseg.IoUMetric')
test_pipeline = [
    dict(type='MultiImgLoadImageFromFile'),
    dict(keep_ratio=True, scale=(
        1024,
        1024,
    ), type='MultiImgResize'),
    dict(type='MultiImgLoadAnnotations'),
    dict(type='MultiImgPackSegInputs'),
]
train_cfg = dict(max_iters=31250, type='IterBasedTrainLoop', val_interval=3125)
train_dataloader = dict(
    batch_size=32,
    dataset=dict(
        data_prefix=dict(
            img_path_from='train/Image1',
            img_path_to='train/Image2',
            seg_map_path='train/label'),
        data_root='data/S2Looking',
        pipeline=[
            dict(type='MultiImgLoadImageFromFile'),
            dict(type='MultiImgLoadAnnotations'),
            dict(degree=180, prob=0.5, type='MultiImgRandomRotate'),
            dict(
                cat_max_ratio=0.75,
                crop_size=(
                    512,
                    512,
                ),
                type='MultiImgRandomCrop'),
            dict(direction='horizontal', prob=0.5, type='MultiImgRandomFlip'),
            dict(direction='vertical', prob=0.5, type='MultiImgRandomFlip'),
            dict(
                brightness_delta=10,
                contrast_range=(
                    0.8,
                    1.2,
                ),
                hue_delta=10,
                saturation_range=(
                    0.8,
                    1.2,
                ),
                type='MultiImgPhotoMetricDistortion'),
            dict(type='MultiImgPackSegInputs'),
        ],
        type='S2Looking_Dataset'),
    num_workers=32,
    persistent_workers=True,
    sampler=dict(shuffle=True, type='InfiniteSampler'))
train_pipeline = [
    dict(type='MultiImgLoadImageFromFile'),
    dict(type='MultiImgLoadAnnotations'),
    dict(degree=180, prob=0.5, type='MultiImgRandomRotate'),
    dict(
        cat_max_ratio=0.75, crop_size=(
            512,
            512,
        ), type='MultiImgRandomCrop'),
    dict(direction='horizontal', prob=0.5, type='MultiImgRandomFlip'),
    dict(direction='vertical', prob=0.5, type='MultiImgRandomFlip'),
    dict(
        brightness_delta=10,
        contrast_range=(
            0.8,
            1.2,
        ),
        hue_delta=10,
        saturation_range=(
            0.8,
            1.2,
        ),
        type='MultiImgPhotoMetricDistortion'),
    dict(type='MultiImgPackSegInputs'),
]
tta_model = dict(type='mmseg.SegTTAModel')
tta_pipeline = [
    dict(backend_args=None, type='MultiImgLoadImageFromFile'),
    dict(
        transforms=[
            [
                dict(
                    keep_ratio=True, scale_factor=0.75, type='MultiImgResize'),
                dict(keep_ratio=True, scale_factor=1.0, type='MultiImgResize'),
                dict(
                    keep_ratio=True, scale_factor=1.25, type='MultiImgResize'),
            ],
            [
                dict(
                    direction='horizontal',
                    prob=0.0,
                    type='MultiImgRandomFlip'),
                dict(
                    direction='horizontal',
                    prob=1.0,
                    type='MultiImgRandomFlip'),
            ],
            [
                dict(type='MultiImgLoadAnnotations'),
            ],
            [
                dict(type='MultiImgPackSegInputs'),
            ],
        ],
        type='TestTimeAug'),
]
val_cfg = dict(type='ValLoop')
val_dataloader = dict(
    batch_size=1,
    dataset=dict(
        data_prefix=dict(
            img_path_from='val/Image1',
            img_path_to='val/Image2',
            seg_map_path='val/label'),
        data_root='data/S2Looking',
        pipeline=[
            dict(type='MultiImgLoadImageFromFile'),
            dict(keep_ratio=True, scale=(
                1024,
                1024,
            ), type='MultiImgResize'),
            dict(type='MultiImgLoadAnnotations'),
            dict(type='MultiImgPackSegInputs'),
        ],
        type='S2Looking_Dataset'),
    num_workers=1,
    persistent_workers=True,
    sampler=dict(shuffle=False, type='DefaultSampler'))
val_evaluator = dict(
    iou_metrics=[
        'mFscore',
        'mIoU',
    ], type='mmseg.IoUMetric')
vis_backends = [
    dict(type='CDLocalVisBackend'),
]
visualizer = dict(
    alpha=1.0,
    name='visualizer',
    save_dir='./fc_ef/s2looking',
    type='CDLocalVisualizer',
    vis_backends=[
        dict(type='CDLocalVisBackend'),
    ])
work_dir = './fc_ef'

2024/07/29 12:34:33 - mmengine - INFO - Distributed training is not used, all SyncBatchNorm (SyncBN) layers in the model will be automatically reverted to BatchNormXd layers if they are used.
2024/07/29 12:34:33 - mmengine - INFO - Hooks will be executed in the following order:
before_run:
(VERY_HIGH   ) RuntimeInfoHook                    
(BELOW_NORMAL) LoggerHook                         
 -------------------- 
before_train:
(VERY_HIGH   ) RuntimeInfoHook                    
(NORMAL      ) IterTimerHook                      
(VERY_LOW    ) CheckpointHook                     
 -------------------- 
before_train_epoch:
(VERY_HIGH   ) RuntimeInfoHook                    
(NORMAL      ) IterTimerHook                      
(NORMAL      ) DistSamplerSeedHook                
 -------------------- 
before_train_iter:
(VERY_HIGH   ) RuntimeInfoHook                    
(NORMAL      ) IterTimerHook                      
 -------------------- 
after_train_iter:
(VERY_HIGH   ) RuntimeInfoHook                    
(NORMAL      ) IterTimerHook                      
(NORMAL      ) CDVisualizationHook                
(BELOW_NORMAL) LoggerHook                         
(LOW         ) ParamSchedulerHook                 
(VERY_LOW    ) CheckpointHook                     
 -------------------- 
after_train_epoch:
(NORMAL      ) IterTimerHook                      
(LOW         ) ParamSchedulerHook                 
(VERY_LOW    ) CheckpointHook                     
 -------------------- 
before_val:
(VERY_HIGH   ) RuntimeInfoHook                    
 -------------------- 
before_val_epoch:
(NORMAL      ) IterTimerHook                      
 -------------------- 
before_val_iter:
(NORMAL      ) IterTimerHook                      
 -------------------- 
after_val_iter:
(NORMAL      ) IterTimerHook                      
(NORMAL      ) CDVisualizationHook                
(BELOW_NORMAL) LoggerHook                         
 -------------------- 
after_val_epoch:
(VERY_HIGH   ) RuntimeInfoHook                    
(NORMAL      ) IterTimerHook                      
(BELOW_NORMAL) LoggerHook                         
(LOW         ) ParamSchedulerHook                 
(VERY_LOW    ) CheckpointHook                     
 -------------------- 
after_val:
(VERY_HIGH   ) RuntimeInfoHook                    
 -------------------- 
after_train:
(VERY_HIGH   ) RuntimeInfoHook                    
(VERY_LOW    ) CheckpointHook                     
 -------------------- 
before_test:
(VERY_HIGH   ) RuntimeInfoHook                    
 -------------------- 
before_test_epoch:
(NORMAL      ) IterTimerHook                      
 -------------------- 
before_test_iter:
(NORMAL      ) IterTimerHook                      
 -------------------- 
after_test_iter:
(NORMAL      ) IterTimerHook                      
(NORMAL      ) CDVisualizationHook                
(BELOW_NORMAL) LoggerHook                         
 -------------------- 
after_test_epoch:
(VERY_HIGH   ) RuntimeInfoHook                    
(NORMAL      ) IterTimerHook                      
(BELOW_NORMAL) LoggerHook                         
 -------------------- 
after_test:
(VERY_HIGH   ) RuntimeInfoHook                    
 -------------------- 
after_run:
(BELOW_NORMAL) LoggerHook                         
 -------------------- 
2024/07/29 12:34:34 - mmengine - WARNING - The prefix is not set in metric class IoUMetric.
2024/07/29 12:34:34 - mmengine - INFO - Load checkpoint from fc_ef/iter_3125.pth
2024/07/29 12:34:49 - mmengine - INFO - Iter(test) [  50/1000]    eta: 0:04:42  time: 0.1619  data_time: 0.1435  memory: 17022  
2024/07/29 12:34:54 - mmengine - INFO - Iter(test) [ 100/1000]    eta: 0:02:58  time: 0.0992  data_time: 0.0813  memory: 831  
2024/07/29 12:34:59 - mmengine - INFO - Iter(test) [ 150/1000]    eta: 0:02:20  time: 0.0975  data_time: 0.0796  memory: 831  
2024/07/29 12:35:04 - mmengine - INFO - Iter(test) [ 200/1000]    eta: 0:01:58  time: 0.0996  data_time: 0.0817  memory: 831  
2024/07/29 12:35:09 - mmengine - INFO - Iter(test) [ 250/1000]    eta: 0:01:44  time: 0.1040  data_time: 0.0861  memory: 831  
2024/07/29 12:35:14 - mmengine - INFO - Iter(test) [ 300/1000]    eta: 0:01:33  time: 0.1123  data_time: 0.0944  memory: 831  
2024/07/29 12:35:19 - mmengine - INFO - Iter(test) [ 350/1000]    eta: 0:01:22  time: 0.0944  data_time: 0.0764  memory: 831  
2024/07/29 12:35:23 - mmengine - INFO - Iter(test) [ 400/1000]    eta: 0:01:14  time: 0.0928  data_time: 0.0749  memory: 831  
2024/07/29 12:35:28 - mmengine - INFO - Iter(test) [ 450/1000]    eta: 0:01:06  time: 0.0945  data_time: 0.0764  memory: 831  
2024/07/29 12:35:33 - mmengine - INFO - Iter(test) [ 500/1000]    eta: 0:00:59  time: 0.0934  data_time: 0.0754  memory: 831  
2024/07/29 12:35:38 - mmengine - INFO - Iter(test) [ 550/1000]    eta: 0:00:52  time: 0.0979  data_time: 0.0799  memory: 831  
2024/07/29 12:35:43 - mmengine - INFO - Iter(test) [ 600/1000]    eta: 0:00:46  time: 0.0997  data_time: 0.0817  memory: 831  
2024/07/29 12:35:51 - mmengine - INFO - Iter(test) [ 650/1000]    eta: 0:00:41  time: 0.1587  data_time: 0.1406  memory: 831  
2024/07/29 12:35:58 - mmengine - INFO - Iter(test) [ 700/1000]    eta: 0:00:35  time: 0.0979  data_time: 0.0799  memory: 831  
2024/07/29 12:36:03 - mmengine - INFO - Iter(test) [ 750/1000]    eta: 0:00:29  time: 0.1000  data_time: 0.0820  memory: 831  
2024/07/29 12:36:08 - mmengine - INFO - Iter(test) [ 800/1000]    eta: 0:00:23  time: 0.0993  data_time: 0.0813  memory: 831  
2024/07/29 12:36:13 - mmengine - INFO - Iter(test) [ 850/1000]    eta: 0:00:17  time: 0.0980  data_time: 0.0800  memory: 831  
2024/07/29 12:36:18 - mmengine - INFO - Iter(test) [ 900/1000]    eta: 0:00:11  time: 0.0995  data_time: 0.0816  memory: 831  
2024/07/29 12:36:23 - mmengine - INFO - Iter(test) [ 950/1000]    eta: 0:00:05  time: 0.0953  data_time: 0.0772  memory: 831  
2024/07/29 12:36:27 - mmengine - INFO - Iter(test) [1000/1000]    eta: 0:00:00  time: 0.0947  data_time: 0.0767  memory: 831  
2024/07/29 12:36:27 - mmengine - INFO - per class results:
2024/07/29 12:36:27 - mmengine - INFO - 
+-----------+--------+-----------+--------+-------+-------+
|   Class   | Fscore | Precision | Recall |  IoU  |  Acc  |
+-----------+--------+-----------+--------+-------+-------+
| unchanged | 99.39  |   98.79   | 100.0  | 98.79 | 100.0 |
|  changed  |  nan   |    nan    |  0.0   |  0.0  |  0.0  |
+-----------+--------+-----------+--------+-------+-------+
2024/07/29 12:36:27 - mmengine - INFO - Iter(test) [1000/1000]    aAcc: 98.7900  mFscore: 99.3900  mPrecision: 98.7900  mRecall: 50.0000  mIoU: 49.3900  mAcc: 50.0000  data_time: 0.0925  time: 0.1134
